c:\users\wuihyt\desktop\cpp\zxcv\asdf\x64\debug\vc140.pdb
c:\users\wuihyt\desktop\cpp\zxcv\asdf\x64\debug\main.obj
c:\users\wuihyt\desktop\cpp\zxcv\asdf\x64\debug\moc_asdf.obj
c:\users\wuihyt\desktop\cpp\zxcv\asdf\x64\debug\asdf.obj
c:\users\wuihyt\desktop\cpp\zxcv\asdf\x64\debug\qrc_asdf.obj
c:\users\wuihyt\desktop\cpp\zxcv\asdf\generatedfiles\debug\moc_asdf.cpp
c:\users\wuihyt\desktop\cpp\zxcv\asdf\generatedfiles\ui_asdf.h
c:\users\wuihyt\desktop\cpp\zxcv\asdf\generatedfiles\qrc_asdf.cpp
c:\users\wuihyt\desktop\cpp\zxcv\x64\debug\asdf.ilk
c:\users\wuihyt\desktop\cpp\zxcv\x64\debug\asdf.exe
c:\users\wuihyt\desktop\cpp\zxcv\x64\debug\asdf.pdb
c:\users\wuihyt\desktop\cpp\zxcv\asdf\x64\debug\asdf.tlog\cl.command.1.tlog
c:\users\wuihyt\desktop\cpp\zxcv\asdf\x64\debug\asdf.tlog\cl.read.1.tlog
c:\users\wuihyt\desktop\cpp\zxcv\asdf\x64\debug\asdf.tlog\cl.write.1.tlog
c:\users\wuihyt\desktop\cpp\zxcv\asdf\x64\debug\asdf.tlog\custombuild.command.1.tlog
c:\users\wuihyt\desktop\cpp\zxcv\asdf\x64\debug\asdf.tlog\custombuild.read.1.tlog
c:\users\wuihyt\desktop\cpp\zxcv\asdf\x64\debug\asdf.tlog\custombuild.write.1.tlog
c:\users\wuihyt\desktop\cpp\zxcv\asdf\x64\debug\asdf.tlog\link.command.1.tlog
c:\users\wuihyt\desktop\cpp\zxcv\asdf\x64\debug\asdf.tlog\link.read.1.tlog
c:\users\wuihyt\desktop\cpp\zxcv\asdf\x64\debug\asdf.tlog\link.write.1.tlog
